<?xml version="1.0" encoding="UTF-8"?>
<testng-results skipped="0" failed="0" ignored="0" total="9" passed="9">
  <reporter-output>
  </reporter-output>
  <suite name="Free crm application automation test suite" duration-ms="361993" started-at="2019-08-02T14:12:55Z" finished-at="2019-08-02T14:18:57Z">
    <groups>
    </groups>
    <test name="free crm application test cases" duration-ms="361993" started-at="2019-08-02T14:12:55Z" finished-at="2019-08-02T14:18:57Z">
      <class name="com.crm.qa.testcases.HomePageTest">
        <test-method status="PASS" signature="setUp()[pri:0, instance:com.crm.qa.testcases.HomePageTest@f6c48ac]" name="setUp" is-config="true" duration-ms="46408" started-at="2019-08-02T19:42:55Z" finished-at="2019-08-02T19:43:42Z">
          <reporter-output>
          </reporter-output>
        </test-method> <!-- setUp -->
        <test-method status="PASS" signature="homePageTitleTest()[pri:1, instance:com.crm.qa.testcases.HomePageTest@f6c48ac]" name="homePageTitleTest" duration-ms="121" started-at="2019-08-02T19:43:42Z" finished-at="2019-08-02T19:43:42Z">
          <reporter-output>
          </reporter-output>
        </test-method> <!-- homePageTitleTest -->
        <test-method status="PASS" signature="tearDown()[pri:0, instance:com.crm.qa.testcases.HomePageTest@f6c48ac]" name="tearDown" is-config="true" duration-ms="1223" started-at="2019-08-02T19:43:42Z" finished-at="2019-08-02T19:43:43Z">
          <reporter-output>
          </reporter-output>
        </test-method> <!-- tearDown -->
        <test-method status="PASS" signature="setUp()[pri:0, instance:com.crm.qa.testcases.HomePageTest@f6c48ac]" name="setUp" is-config="true" duration-ms="49894" started-at="2019-08-02T19:44:06Z" finished-at="2019-08-02T19:44:56Z">
          <reporter-output>
          </reporter-output>
        </test-method> <!-- setUp -->
        <test-method status="PASS" signature="verifyUsernameTest()[pri:2, instance:com.crm.qa.testcases.HomePageTest@f6c48ac]" name="verifyUsernameTest" duration-ms="5203" started-at="2019-08-02T19:44:56Z" finished-at="2019-08-02T19:45:01Z">
          <reporter-output>
          </reporter-output>
        </test-method> <!-- verifyUsernameTest -->
        <test-method status="PASS" signature="tearDown()[pri:0, instance:com.crm.qa.testcases.HomePageTest@f6c48ac]" name="tearDown" is-config="true" duration-ms="1330" started-at="2019-08-02T19:45:01Z" finished-at="2019-08-02T19:45:02Z">
          <reporter-output>
          </reporter-output>
        </test-method> <!-- tearDown -->
        <test-method status="PASS" signature="setUp()[pri:0, instance:com.crm.qa.testcases.HomePageTest@f6c48ac]" name="setUp" is-config="true" duration-ms="36600" started-at="2019-08-02T19:45:25Z" finished-at="2019-08-02T19:46:02Z">
          <reporter-output>
          </reporter-output>
        </test-method> <!-- setUp -->
        <test-method status="PASS" signature="verifyContactsLinkTest()[pri:3, instance:com.crm.qa.testcases.HomePageTest@f6c48ac]" name="verifyContactsLinkTest" duration-ms="3725" started-at="2019-08-02T19:46:02Z" finished-at="2019-08-02T19:46:05Z">
          <reporter-output>
          </reporter-output>
        </test-method> <!-- verifyContactsLinkTest -->
        <test-method status="PASS" signature="tearDown()[pri:0, instance:com.crm.qa.testcases.HomePageTest@f6c48ac]" name="tearDown" is-config="true" duration-ms="1022" started-at="2019-08-02T19:46:05Z" finished-at="2019-08-02T19:46:06Z">
          <reporter-output>
          </reporter-output>
        </test-method> <!-- tearDown -->
      </class> <!-- com.crm.qa.testcases.HomePageTest -->
      <class name="com.crm.qa.testcases.ContactsPageTest">
        <test-method status="PASS" signature="setUp()[pri:0, instance:com.crm.qa.testcases.ContactsPageTest@464bee09]" name="setUp" is-config="true" duration-ms="38688" started-at="2019-08-02T19:46:56Z" finished-at="2019-08-02T19:47:35Z">
          <reporter-output>
          </reporter-output>
        </test-method> <!-- setUp -->
        <test-method status="PASS" signature="validateCreateNewContact(java.lang.String, java.lang.String, java.lang.String)[pri:4, instance:com.crm.qa.testcases.ContactsPageTest@464bee09]" name="validateCreateNewContact" duration-ms="7074" started-at="2019-08-02T19:47:35Z" data-provider="getCRMTestData" finished-at="2019-08-02T19:47:42Z">
          <params>
            <param index="0">
              <value>
                <![CDATA[Tom]]>
              </value>
            </param>
            <param index="1">
              <value>
                <![CDATA[Peter]]>
              </value>
            </param>
            <param index="2">
              <value>
                <![CDATA[Google]]>
              </value>
            </param>
          </params>
          <reporter-output>
          </reporter-output>
        </test-method> <!-- validateCreateNewContact -->
        <test-method status="PASS" signature="tearDown()[pri:0, instance:com.crm.qa.testcases.ContactsPageTest@464bee09]" name="tearDown" is-config="true" duration-ms="970" started-at="2019-08-02T19:47:42Z" finished-at="2019-08-02T19:47:43Z">
          <reporter-output>
          </reporter-output>
        </test-method> <!-- tearDown -->
        <test-method status="PASS" signature="setUp()[pri:0, instance:com.crm.qa.testcases.ContactsPageTest@464bee09]" name="setUp" is-config="true" duration-ms="29495" started-at="2019-08-02T19:47:43Z" finished-at="2019-08-02T19:48:13Z">
          <reporter-output>
          </reporter-output>
        </test-method> <!-- setUp -->
        <test-method status="PASS" signature="validateCreateNewContact(java.lang.String, java.lang.String, java.lang.String)[pri:4, instance:com.crm.qa.testcases.ContactsPageTest@464bee09]" name="validateCreateNewContact" duration-ms="6818" started-at="2019-08-02T19:48:13Z" data-provider="getCRMTestData" finished-at="2019-08-02T19:48:19Z">
          <params>
            <param index="0">
              <value>
                <![CDATA[David]]>
              </value>
            </param>
            <param index="1">
              <value>
                <![CDATA[Chris]]>
              </value>
            </param>
            <param index="2">
              <value>
                <![CDATA[Amazon]]>
              </value>
            </param>
          </params>
          <reporter-output>
          </reporter-output>
        </test-method> <!-- validateCreateNewContact -->
        <test-method status="PASS" signature="tearDown()[pri:0, instance:com.crm.qa.testcases.ContactsPageTest@464bee09]" name="tearDown" is-config="true" duration-ms="935" started-at="2019-08-02T19:48:19Z" finished-at="2019-08-02T19:48:20Z">
          <reporter-output>
          </reporter-output>
        </test-method> <!-- tearDown -->
        <test-method status="PASS" signature="setUp()[pri:0, instance:com.crm.qa.testcases.ContactsPageTest@464bee09]" name="setUp" is-config="true" duration-ms="29411" started-at="2019-08-02T19:48:20Z" finished-at="2019-08-02T19:48:50Z">
          <reporter-output>
          </reporter-output>
        </test-method> <!-- setUp -->
        <test-method status="PASS" signature="validateCreateNewContact(java.lang.String, java.lang.String, java.lang.String)[pri:4, instance:com.crm.qa.testcases.ContactsPageTest@464bee09]" name="validateCreateNewContact" duration-ms="6373" started-at="2019-08-02T19:48:50Z" data-provider="getCRMTestData" finished-at="2019-08-02T19:48:56Z">
          <params>
            <param index="0">
              <value>
                <![CDATA[Mukta]]>
              </value>
            </param>
            <param index="1">
              <value>
                <![CDATA[Sharma]]>
              </value>
            </param>
            <param index="2">
              <value>
                <![CDATA[Ebay]]>
              </value>
            </param>
          </params>
          <reporter-output>
          </reporter-output>
        </test-method> <!-- validateCreateNewContact -->
        <test-method status="PASS" signature="tearDown()[pri:0, instance:com.crm.qa.testcases.ContactsPageTest@464bee09]" name="tearDown" is-config="true" duration-ms="1019" started-at="2019-08-02T19:48:56Z" finished-at="2019-08-02T19:48:57Z">
          <reporter-output>
          </reporter-output>
        </test-method> <!-- tearDown -->
      </class> <!-- com.crm.qa.testcases.ContactsPageTest -->
      <class name="com.crm.qa.testcases.LoginPageTest">
        <test-method status="PASS" signature="setUp()[pri:0, instance:com.crm.qa.testcases.LoginPageTest@13deb50e]" name="setUp" is-config="true" duration-ms="19673" started-at="2019-08-02T19:43:43Z" finished-at="2019-08-02T19:44:03Z">
          <reporter-output>
          </reporter-output>
        </test-method> <!-- setUp -->
        <test-method status="PASS" signature="loginPageTitleTest()[pri:1, instance:com.crm.qa.testcases.LoginPageTest@13deb50e]" name="loginPageTitleTest" duration-ms="1759" started-at="2019-08-02T19:44:03Z" finished-at="2019-08-02T19:44:04Z">
          <reporter-output>
          </reporter-output>
        </test-method> <!-- loginPageTitleTest -->
        <test-method status="PASS" signature="tearDown()[pri:0, instance:com.crm.qa.testcases.LoginPageTest@13deb50e]" name="tearDown" is-config="true" duration-ms="1366" started-at="2019-08-02T19:44:04Z" finished-at="2019-08-02T19:44:06Z">
          <reporter-output>
          </reporter-output>
        </test-method> <!-- tearDown -->
        <test-method status="PASS" signature="setUp()[pri:0, instance:com.crm.qa.testcases.LoginPageTest@13deb50e]" name="setUp" is-config="true" duration-ms="17444" started-at="2019-08-02T19:45:02Z" finished-at="2019-08-02T19:45:20Z">
          <reporter-output>
          </reporter-output>
        </test-method> <!-- setUp -->
        <test-method status="PASS" signature="crmLogoImageTest()[pri:2, instance:com.crm.qa.testcases.LoginPageTest@13deb50e]" name="crmLogoImageTest" duration-ms="4247" started-at="2019-08-02T19:45:20Z" finished-at="2019-08-02T19:45:24Z">
          <reporter-output>
          </reporter-output>
        </test-method> <!-- crmLogoImageTest -->
        <test-method status="PASS" signature="tearDown()[pri:0, instance:com.crm.qa.testcases.LoginPageTest@13deb50e]" name="tearDown" is-config="true" duration-ms="1063" started-at="2019-08-02T19:45:24Z" finished-at="2019-08-02T19:45:25Z">
          <reporter-output>
          </reporter-output>
        </test-method> <!-- tearDown -->
        <test-method status="PASS" signature="setUp()[pri:0, instance:com.crm.qa.testcases.LoginPageTest@13deb50e]" name="setUp" is-config="true" duration-ms="22165" started-at="2019-08-02T19:46:06Z" finished-at="2019-08-02T19:46:29Z">
          <reporter-output>
          </reporter-output>
        </test-method> <!-- setUp -->
        <test-method status="PASS" signature="loginTest()[pri:3, instance:com.crm.qa.testcases.LoginPageTest@13deb50e]" name="loginTest" duration-ms="21938" started-at="2019-08-02T19:46:29Z" finished-at="2019-08-02T19:46:50Z">
          <reporter-output>
          </reporter-output>
        </test-method> <!-- loginTest -->
        <test-method status="PASS" signature="tearDown()[pri:0, instance:com.crm.qa.testcases.LoginPageTest@13deb50e]" name="tearDown" is-config="true" duration-ms="1294" started-at="2019-08-02T19:46:50Z" finished-at="2019-08-02T19:46:52Z">
          <reporter-output>
          </reporter-output>
        </test-method> <!-- tearDown -->
      </class> <!-- com.crm.qa.testcases.LoginPageTest -->
    </test> <!-- free crm application test cases -->
  </suite> <!-- Free crm application automation test suite -->
</testng-results>
